[90m2025-09-09T18:09:22.094Z[39m [96mINFO[39m [97m@wdio/browserstack-service[39m BrowserStack service started with id: 509030f2-6f7b-453b-a68b-5eabdf822d67
[90m2025-09-09T18:09:22.113Z[39m [32mDEBUG[39m [97m@wdio/browserstack-service[39m Sending SDK event with data {
  userName: '[REDACTED]',
  accessKey: '[REDACTED]',
  event_type: 'SDKTestAttempted',
  detectedFramework: 'WebdriverIO-mocha',
  event_properties: {
    sdkRunId: '509030f2-6f7b-453b-a68b-5eabdf822d67',
    testhub_uuid: undefined,
    language_framework: 'WebdriverIO_mocha',
    referrer: 'WebdriverIO-mocha/9.19.1',
    language: 'WebdriverIO',
    languageVersion: 'v22.18.0',
    buildName: 'Build - 9/9/2025',
    buildIdentifier: 'undefined',
    os: 'Windows_NT',
    hostname: 'NTTD-JT3FP34',
    productMap: {
      observability: true,
      accessibility: null,
      percy: false,
      automate: true,
      app_automate: false
    },
    product: [ 'observability', 'automate' ],
    framework: 'mocha'
  }
}
[90m2025-09-09T18:09:22.754Z[39m [32mDEBUG[39m [97m@wdio/browserstack-service[39m Funnel Event Response: "{\"message\":\"SDK Event recorded successfully\"}"
[90m2025-09-09T18:09:22.755Z[39m [32mDEBUG[39m [97m@wdio/browserstack-service[39m Funnel event success
[90m2025-09-09T18:09:22.755Z[39m [32mDEBUG[39m [97m@wdio/browserstack-service[39m app is not defined in browserstack-service config, skipping ...
[90m2025-09-09T18:09:22.755Z[39m [33mWARN[39m [97m@wdio/browserstack-service[39m Accessibility Automation will run only on Chrome browsers.
[90m2025-09-09T18:09:22.756Z[39m [32mDEBUG[39m [97m@wdio/browserstack-service[39m Sending launch start event
[90m2025-09-09T18:09:23.629Z[39m [32mDEBUG[39m [97m@wdio/browserstack-service[39m [Start_Build] Success response: {"observability":{"success":true,"options":{"allow_screenshots":true},"code":null,"errors":null,"error_trace_id":null},"accessibility":null,"automate":{"success":true,"options":{"allow_screenshots":true},"code":null,"errors":null,"error_trace_id":null},"turboscale":null,"build_hashed_id":"4w3vmk5w2pid12femhjhfjiwdv4pcqpjozymtacq","jwt":"eyJhbGciOiJIUzI1NiJ9.eyJpc3MiOiJicm93c2Vyc3RhY2tfb2IiLCJzdWIiOiIxMDAwOTQwMiIsImdyb3VwX2lkIjo5OTE4NjAwLCJ1c2VyX2lkIjoxMDAwOTQwMiwiYnVpbGRfaGFzaGVkX2lkIjoiNHczdm1rNXcycGlkMTJmZW1oamhmaml3ZHY0cGNxcGpvenltdGFjcSIsInByb2plY3RfbmFtZSI6Ik15IEFwcGl1bSBQcm9qZWN0IiwiaG9va19hc190ZXN0IjoiMSIsImJ1aWxkX25hbWUiOiJCdWlsZCIsInByb2R1Y3RfbWFwIjoie1wib2JzZXJ2YWJpbGl0eVwiOnRydWUsXCJhdXRvbWF0ZVwiOnRydWUsXCJhY2Nlc3NpYmlsaXR5QXV0b0VuYWJsZWRcIjp0cnVlLFwib3JpZ2luRnJvbVByb2R1Y3RNYXBcIjpcIkF1dG9tYXRlXCIsXCJic3RhY2tBdXRvbWF0aW9uXCI6dHJ1ZSxcImNhZFwiOnRydWUsXCJub25TREtcIjpmYWxzZX0iLCJncnJfcmVnaW9uIjoiIiwiaXNfbG93X3ZvbHVtZSI6ZmFsc2UsInNpZ25pbmdfa2V5X2hhc2giOiIzN2MxMTMxZTRiMmU3NDNjNzY2ZTFkNzBiZjVmMmI1N2RjNjliMTk1ZDMwMGUzMmFlOGQwMjMxMjBhNGE2ZDk3IiwiaWF0IjoxNzU3NDQxMzYzLCJleHAiOjE3NTc3ODY5NjN9.K5FBItNqVeHRB7foXc0KA0-1FvdlyD4odI7FAzpJnak","discard_build":null,"app_automate":null}
[90m2025-09-09T18:09:23.630Z[39m [96mINFO[39m [97m@wdio/browserstack-service[39m Testhub started with id: 4w3vmk5w2pid12femhjhfjiwdv4pcqpjozymtacq
[90m2025-09-09T18:09:23.644Z[39m [96mINFO[39m [97m@wdio/browserstack-service[39m browserstackLocal is not enabled - skipping...
[90m2025-09-09T18:09:44.545Z[39m [32mDEBUG[39m [97m@wdio/browserstack-service[39m Skipping method: Console, exists: true, type: function
[90m2025-09-09T18:09:45.060Z[39m [32mDEBUG[39m [97m@wdio/browserstack-service[39m Requesting Browserstack session URL at https://api-cloud.browserstack.com/app-automate/sessions/883b4036a53d3c7c5c6fe49fbea1c2cb23609636.json
[90m2025-09-09T18:09:45.805Z[39m [96mINFO[39m [97m@wdio/browserstack-service[39m  session: https://app-automate.browserstack.com/builds/7efb0b2f02430597412372943809e5d428661924/sessions/883b4036a53d3c7c5c6fe49fbea1c2cb23609636
[90m2025-09-09T18:09:45.812Z[39m [96mINFO[39m [97m@wdio/browserstack-service[39m Update job with sessionId 883b4036a53d3c7c5c6fe49fbea1c2cb23609636
[90m2025-09-09T18:09:45.813Z[39m [32mDEBUG[39m [97m@wdio/browserstack-service[39m Updating Browserstack session at https://api-cloud.browserstack.com/app-automate/sessions/883b4036a53d3c7c5c6fe49fbea1c2cb23609636.json with request body: 
[90m2025-09-09T18:09:46.035Z[39m [32mDEBUG[39m [97m@wdio/browserstack-service[39m Got platformVersion from driver caps
[90m2025-09-09T18:09:46.035Z[39m [32mDEBUG[39m [97m@wdio/browserstack-service[39m Added data to request queue. Queue length = 1
[90m2025-09-09T18:09:46.845Z[39m [32mDEBUG[39m [97m@wdio/browserstack-service[39m Got platformVersion from driver caps
[90m2025-09-09T18:09:46.845Z[39m [32mDEBUG[39m [97m@wdio/browserstack-service[39m Added data to request queue. Queue length = 2
[90m2025-09-09T18:09:46.853Z[39m [96mINFO[39m [97m@wdio/browserstack-service[39m Update job with sessionId 883b4036a53d3c7c5c6fe49fbea1c2cb23609636
[90m2025-09-09T18:09:46.853Z[39m [32mDEBUG[39m [97m@wdio/browserstack-service[39m Updating Browserstack session at https://api-cloud.browserstack.com/app-automate/sessions/883b4036a53d3c7c5c6fe49fbea1c2cb23609636.json with request body: 
[90m2025-09-09T18:09:47.145Z[39m [32mDEBUG[39m [97m@wdio/browserstack-service[39m Got platformVersion from driver caps
[90m2025-09-09T18:09:47.145Z[39m [32mDEBUG[39m [97m@wdio/browserstack-service[39m Added data to request queue. Queue length = 3
[90m2025-09-09T18:09:47.511Z[39m [32mDEBUG[39m [97m@wdio/browserstack-service[39m [screenshot_upload] Success response: {"success":true}
[90m2025-09-09T18:09:47.512Z[39m [32mDEBUG[39m [97m@wdio/browserstack-service[39m Added data to request queue. Queue length = 4
[90m2025-09-09T18:09:47.579Z[39m [32mDEBUG[39m [97m@wdio/browserstack-service[39m Added data to request queue. Queue length = 5
[90m2025-09-09T18:09:47.765Z[39m [32mDEBUG[39m [97m@wdio/browserstack-service[39m Added data to request queue. Queue length = 6
[90m2025-09-09T18:09:47.942Z[39m [32mDEBUG[39m [97m@wdio/browserstack-service[39m Added data to request queue. Queue length = 7
[90m2025-09-09T18:09:48.039Z[39m [32mDEBUG[39m [97m@wdio/browserstack-service[39m Sending data from request queue. Data length = 7, Queue length after removal = 0
[90m2025-09-09T18:09:48.039Z[39m [32mDEBUG[39m [97m@wdio/browserstack-service[39m calling callback with kind INTERVAL_QUEUE
[90m2025-09-09T18:09:48.039Z[39m [32mDEBUG[39m [97m@wdio/browserstack-service[39m callback: called with events 7
[90m2025-09-09T18:09:48.176Z[39m [32mDEBUG[39m [97m@wdio/browserstack-service[39m Added data to request queue. Queue length = 1
[90m2025-09-09T18:09:48.226Z[39m [32mDEBUG[39m [97m@wdio/browserstack-service[39m [BATCH_DATA] Success response: {"success":true}
[90m2025-09-09T18:09:48.226Z[39m [32mDEBUG[39m [97m@wdio/browserstack-service[39m callback: marking events success 7
[90m2025-09-09T18:09:48.965Z[39m [32mDEBUG[39m [97m@wdio/browserstack-service[39m Added data to request queue. Queue length = 2
[90m2025-09-09T18:09:48.966Z[39m [32mDEBUG[39m [97m@wdio/browserstack-service[39m Added data to request queue. Queue length = 3
[90m2025-09-09T18:09:49.114Z[39m [32mDEBUG[39m [97m@wdio/browserstack-service[39m [screenshot_upload] Success response: {"success":true}
[90m2025-09-09T18:09:49.114Z[39m [32mDEBUG[39m [97m@wdio/browserstack-service[39m Added data to request queue. Queue length = 4
[90m2025-09-09T18:09:49.204Z[39m [32mDEBUG[39m [97m@wdio/browserstack-service[39m Added data to request queue. Queue length = 5
[90m2025-09-09T18:09:49.383Z[39m [32mDEBUG[39m [97m@wdio/browserstack-service[39m Added data to request queue. Queue length = 6
[90m2025-09-09T18:09:49.555Z[39m [32mDEBUG[39m [97m@wdio/browserstack-service[39m Added data to request queue. Queue length = 7
[90m2025-09-09T18:09:50.042Z[39m [32mDEBUG[39m [97m@wdio/browserstack-service[39m Sending data from request queue. Data length = 7, Queue length after removal = 0
[90m2025-09-09T18:09:50.042Z[39m [32mDEBUG[39m [97m@wdio/browserstack-service[39m calling callback with kind INTERVAL_QUEUE
[90m2025-09-09T18:09:50.042Z[39m [32mDEBUG[39m [97m@wdio/browserstack-service[39m callback: called with events 7
[90m2025-09-09T18:09:50.133Z[39m [32mDEBUG[39m [97m@wdio/browserstack-service[39m Added data to request queue. Queue length = 1
[90m2025-09-09T18:09:50.185Z[39m [32mDEBUG[39m [97m@wdio/browserstack-service[39m [BATCH_DATA] Success response: {"success":true}
[90m2025-09-09T18:09:50.185Z[39m [32mDEBUG[39m [97m@wdio/browserstack-service[39m callback: marking events success 7
[90m2025-09-09T18:09:50.961Z[39m [32mDEBUG[39m [97m@wdio/browserstack-service[39m Added data to request queue. Queue length = 2
[90m2025-09-09T18:09:51.931Z[39m [32mDEBUG[39m [97m@wdio/browserstack-service[39m Added data to request queue. Queue length = 3
[90m2025-09-09T18:09:52.050Z[39m [32mDEBUG[39m [97m@wdio/browserstack-service[39m Sending data from request queue. Data length = 3, Queue length after removal = 0
[90m2025-09-09T18:09:52.051Z[39m [32mDEBUG[39m [97m@wdio/browserstack-service[39m calling callback with kind INTERVAL_QUEUE
[90m2025-09-09T18:09:52.051Z[39m [32mDEBUG[39m [97m@wdio/browserstack-service[39m callback: called with events 3
[90m2025-09-09T18:09:52.064Z[39m [32mDEBUG[39m [97m@wdio/browserstack-service[39m [screenshot_upload] Success response: {"success":true}
[90m2025-09-09T18:09:52.064Z[39m [32mDEBUG[39m [97m@wdio/browserstack-service[39m Added data to request queue. Queue length = 1
[90m2025-09-09T18:09:52.149Z[39m [32mDEBUG[39m [97m@wdio/browserstack-service[39m Added data to request queue. Queue length = 2
[90m2025-09-09T18:09:52.381Z[39m [32mDEBUG[39m [97m@wdio/browserstack-service[39m Added data to request queue. Queue length = 3
[90m2025-09-09T18:09:52.383Z[39m [32mDEBUG[39m [97m@wdio/browserstack-service[39m [BATCH_DATA] Success response: {"success":true}
[90m2025-09-09T18:09:52.384Z[39m [32mDEBUG[39m [97m@wdio/browserstack-service[39m callback: marking events success 3
[90m2025-09-09T18:09:52.543Z[39m [32mDEBUG[39m [97m@wdio/browserstack-service[39m Added data to request queue. Queue length = 4
[90m2025-09-09T18:09:53.712Z[39m [32mDEBUG[39m [97m@wdio/browserstack-service[39m Added data to request queue. Queue length = 5
[90m2025-09-09T18:09:54.059Z[39m [32mDEBUG[39m [97m@wdio/browserstack-service[39m Sending data from request queue. Data length = 5, Queue length after removal = 0
[90m2025-09-09T18:09:54.059Z[39m [32mDEBUG[39m [97m@wdio/browserstack-service[39m calling callback with kind INTERVAL_QUEUE
[90m2025-09-09T18:09:54.059Z[39m [32mDEBUG[39m [97m@wdio/browserstack-service[39m callback: called with events 5
[90m2025-09-09T18:09:54.171Z[39m [32mDEBUG[39m [97m@wdio/browserstack-service[39m [BATCH_DATA] Success response: {"success":true}
[90m2025-09-09T18:09:54.171Z[39m [32mDEBUG[39m [97m@wdio/browserstack-service[39m callback: marking events success 5
[90m2025-09-09T18:09:54.444Z[39m [32mDEBUG[39m [97m@wdio/browserstack-service[39m Added data to request queue. Queue length = 1
[90m2025-09-09T18:09:55.457Z[39m [32mDEBUG[39m [97m@wdio/browserstack-service[39m [screenshot_upload] Success response: {"success":true}
[90m2025-09-09T18:09:55.458Z[39m [32mDEBUG[39m [97m@wdio/browserstack-service[39m Added data to request queue. Queue length = 2
[90m2025-09-09T18:09:55.521Z[39m [32mDEBUG[39m [97m@wdio/browserstack-service[39m Added data to request queue. Queue length = 3
[90m2025-09-09T18:09:55.895Z[39m [32mDEBUG[39m [97m@wdio/browserstack-service[39m Added data to request queue. Queue length = 4
[90m2025-09-09T18:09:56.066Z[39m [32mDEBUG[39m [97m@wdio/browserstack-service[39m Sending data from request queue. Data length = 4, Queue length after removal = 0
[90m2025-09-09T18:09:56.066Z[39m [32mDEBUG[39m [97m@wdio/browserstack-service[39m calling callback with kind INTERVAL_QUEUE
[90m2025-09-09T18:09:56.066Z[39m [32mDEBUG[39m [97m@wdio/browserstack-service[39m callback: called with events 4
[90m2025-09-09T18:09:56.241Z[39m [32mDEBUG[39m [97m@wdio/browserstack-service[39m [BATCH_DATA] Success response: {"success":true}
[90m2025-09-09T18:09:56.241Z[39m [32mDEBUG[39m [97m@wdio/browserstack-service[39m callback: marking events success 4
[90m2025-09-09T18:09:58.941Z[39m [32mDEBUG[39m [97m@wdio/browserstack-service[39m [screenshot_upload] Success response: {"success":true}
[90m2025-09-09T18:09:58.941Z[39m [32mDEBUG[39m [97m@wdio/browserstack-service[39m Added data to request queue. Queue length = 1
[90m2025-09-09T18:09:58.965Z[39m [32mDEBUG[39m [97m@wdio/browserstack-service[39m Added data to request queue. Queue length = 2
[90m2025-09-09T18:09:59.173Z[39m [32mDEBUG[39m [97m@wdio/browserstack-service[39m Added data to request queue. Queue length = 3
[90m2025-09-09T18:10:00.080Z[39m [32mDEBUG[39m [97m@wdio/browserstack-service[39m Sending data from request queue. Data length = 3, Queue length after removal = 0
[90m2025-09-09T18:10:00.080Z[39m [32mDEBUG[39m [97m@wdio/browserstack-service[39m calling callback with kind INTERVAL_QUEUE
[90m2025-09-09T18:10:00.080Z[39m [32mDEBUG[39m [97m@wdio/browserstack-service[39m callback: called with events 3
[90m2025-09-09T18:10:00.191Z[39m [32mDEBUG[39m [97m@wdio/browserstack-service[39m [BATCH_DATA] Success response: {"success":true}
[90m2025-09-09T18:10:00.191Z[39m [32mDEBUG[39m [97m@wdio/browserstack-service[39m callback: marking events success 3
[90m2025-09-09T18:10:00.818Z[39m [32mDEBUG[39m [97m@wdio/browserstack-service[39m [screenshot_upload] Success response: {"success":true}
[90m2025-09-09T18:10:00.818Z[39m [32mDEBUG[39m [97m@wdio/browserstack-service[39m Added data to request queue. Queue length = 1
[90m2025-09-09T18:10:01.077Z[39m [32mDEBUG[39m [97m@wdio/browserstack-service[39m Accessibility after test hook. Before sending test stop event
[90m2025-09-09T18:10:01.078Z[39m [32mDEBUG[39m [97m@wdio/browserstack-service[39m Got platformVersion from driver caps
[90m2025-09-09T18:10:01.079Z[39m [32mDEBUG[39m [97m@wdio/browserstack-service[39m Added data to request queue. Queue length = 2
[90m2025-09-09T18:10:01.085Z[39m [32mDEBUG[39m [97m@wdio/browserstack-service[39m Got platformVersion from driver caps
[90m2025-09-09T18:10:01.086Z[39m [32mDEBUG[39m [97m@wdio/browserstack-service[39m Added data to request queue. Queue length = 3
[90m2025-09-09T18:10:01.094Z[39m [32mDEBUG[39m [97m@wdio/browserstack-service[39m Added data to request queue. Queue length = 4
[90m2025-09-09T18:10:01.095Z[39m [32mDEBUG[39m [97m@wdio/browserstack-service[39m Got platformVersion from driver caps
[90m2025-09-09T18:10:01.095Z[39m [32mDEBUG[39m [97m@wdio/browserstack-service[39m Added data to request queue. Queue length = 5
[90m2025-09-09T18:10:01.106Z[39m [96mINFO[39m [97m@wdio/browserstack-service[39m Update job with sessionId 883b4036a53d3c7c5c6fe49fbea1c2cb23609636
[90m2025-09-09T18:10:01.107Z[39m [32mDEBUG[39m [97m@wdio/browserstack-service[39m Updating Browserstack session at https://api-cloud.browserstack.com/app-automate/sessions/883b4036a53d3c7c5c6fe49fbea1c2cb23609636.json with request body: 
[90m2025-09-09T18:10:01.342Z[39m [32mDEBUG[39m [97m@wdio/browserstack-service[39m [screenshot_upload] Success response: {"success":true}
[90m2025-09-09T18:10:01.342Z[39m [32mDEBUG[39m [97m@wdio/browserstack-service[39m Added data to request queue. Queue length = 6
[90m2025-09-09T18:10:01.853Z[39m [32mDEBUG[39m [97m@wdio/browserstack-service[39m teardown started
[90m2025-09-09T18:10:01.853Z[39m [32mDEBUG[39m [97m@wdio/browserstack-service[39m shutdown started
[90m2025-09-09T18:10:01.853Z[39m [32mDEBUG[39m [97m@wdio/browserstack-service[39m Shutting down request queue
[90m2025-09-09T18:10:01.853Z[39m [32mDEBUG[39m [97m@wdio/browserstack-service[39m calling callback with kind SHUTDOWN_QUEUE
[90m2025-09-09T18:10:01.853Z[39m [32mDEBUG[39m [97m@wdio/browserstack-service[39m callback: called with events 6
[90m2025-09-09T18:10:02.041Z[39m [32mDEBUG[39m [97m@wdio/browserstack-service[39m [BATCH_DATA] Success response: {"success":true}
[90m2025-09-09T18:10:02.041Z[39m [32mDEBUG[39m [97m@wdio/browserstack-service[39m callback: marking events success 6
[90m2025-09-09T18:10:02.041Z[39m [32mDEBUG[39m [97m@wdio/browserstack-service[39m shutdown ended
[90m2025-09-09T18:10:02.041Z[39m [32mDEBUG[39m [97m@wdio/browserstack-service[39m teardown ended
[90m2025-09-09T18:10:03.118Z[39m [32mDEBUG[39m [97m@wdio/browserstack-service[39m Added data to request queue. Queue length = 1
[90m2025-09-09T18:10:03.118Z[39m [32mDEBUG[39m [97m@wdio/browserstack-service[39m Force request-queue shutdown, as test run event is received after teardown
[90m2025-09-09T18:10:03.118Z[39m [32mDEBUG[39m [97m@wdio/browserstack-service[39m Sending data from request queue. Data length = 1, Queue length after removal = 0
[90m2025-09-09T18:10:03.118Z[39m [32mDEBUG[39m [97m@wdio/browserstack-service[39m calling callback with kind INTERVAL_QUEUE
[90m2025-09-09T18:10:03.118Z[39m [32mDEBUG[39m [97m@wdio/browserstack-service[39m callback: called with events 1
[90m2025-09-09T18:10:03.526Z[39m [32mDEBUG[39m [97m@wdio/browserstack-service[39m Inside OnComplete hook..
[90m2025-09-09T18:10:03.526Z[39m [32mDEBUG[39m [97m@wdio/browserstack-service[39m Sending stop launch event
[90m2025-09-09T18:10:03.933Z[39m [32mDEBUG[39m [97m@wdio/browserstack-service[39m [STOP_BUILD] Success response: 
[90m2025-09-09T18:10:03.939Z[39m [96mINFO[39m [97m@wdio/browserstack-service[39m BrowserStack service run ended for id: 509030f2-6f7b-453b-a68b-5eabdf822d67 testhub id: 4w3vmk5w2pid12femhjhfjiwdv4pcqpjozymtacq
[90m2025-09-09T18:10:03.942Z[39m [32mDEBUG[39m [97m@wdio/browserstack-service[39m Reading worker file worker-data-8916.json
[90m2025-09-09T18:10:03.949Z[39m [32mDEBUG[39m [97m@wdio/browserstack-service[39m Sending SDK event with data {
  userName: '[REDACTED]',
  accessKey: '[REDACTED]',
  event_type: 'SDKTestSuccessful',
  detectedFramework: 'WebdriverIO-mocha',
  event_properties: {
    sdkRunId: '509030f2-6f7b-453b-a68b-5eabdf822d67',
    testhub_uuid: '4w3vmk5w2pid12femhjhfjiwdv4pcqpjozymtacq',
    language_framework: 'WebdriverIO_mocha',
    referrer: 'WebdriverIO-mocha/9.19.1',
    language: 'WebdriverIO',
    languageVersion: 'v22.18.0',
    buildName: 'Build - 9/9/2025',
    buildIdentifier: 'undefined',
    os: 'Windows_NT',
    hostname: 'NTTD-JT3FP34',
    productMap: {
      observability: true,
      accessibility: null,
      percy: false,
      automate: true,
      app_automate: false
    },
    product: [ 'observability', 'automate' ],
    framework: 'mocha',
    productUsage: {
      testObservability: {
        enabled: true,
        manuallySet: false,
        buildHashedId: '4w3vmk5w2pid12femhjhfjiwdv4pcqpjozymtacq',
        events: {
          buildEvents: {
            started: { isTriggered: true, status: 'success', error: undefined },
            finished: { isTriggered: true, status: 'success', error: undefined }
          },
          testEvents: {
            started: { triggeredCount: 1, sentCount: 1, failedCount: 0 },
            finished: { triggeredCount: 1, sentCount: 1, failedCount: 0 },
            passed: { triggeredCount: 1, sentCount: 1, failedCount: 0 }
          },
          hookEvents: {
            started: { triggeredCount: 2, sentCount: 2, failedCount: 0 },
            finished: { triggeredCount: 2, sentCount: 2, failedCount: 0 },
            passed: { triggeredCount: 2, sentCount: 2, failedCount: 0 }
          },
          logEvents: {
            triggeredCount: 36,
            sentCount: 36,
            failedCount: 0,
            screenshot: { triggeredCount: 7, sentCount: 7, failedCount: 0 },
            http: { triggeredCount: 25, sentCount: 25, failedCount: 0 },
            log: { triggeredCount: 4, sentCount: 4, failedCount: 0 }
          },
          cbtSessionEvents: { triggeredCount: 0, sentCount: 0, failedCount: 0 }
        }
      }
    }
  }
}
[90m2025-09-09T18:10:04.357Z[39m [32mDEBUG[39m [97m@wdio/browserstack-service[39m Funnel Event Response: "{\"message\":\"SDK Event recorded successfully\"}"
[90m2025-09-09T18:10:04.357Z[39m [32mDEBUG[39m [97m@wdio/browserstack-service[39m Funnel event success
[90m2025-09-09T18:10:05.103Z[39m [96mINFO[39m [97m@wdio/browserstack-service[39m Upload response: {
  "status": "success",
  "message": "Logs upload successful in file - logs.gz"
}
2025-09-09T18:10:06.181Z DEBUG @wdio/browserstack-service Successfully uploaded performance events Bravo
